<?xml version="1.0" encoding="UTF-8"?>
<testsuite xmlns:xsi="http://www.w3.org/2001/XMLSchema-instance" xsi:schemaLocation="https://maven.apache.org/surefire/maven-surefire-plugin/xsd/surefire-test-report.xsd" name="com.mulesoft.training.HelloMavenTest" time="4.638" tests="1" errors="1" skipped="0" failures="0">
  <properties>
    <property name="java.runtime.name" value="Java(TM) SE Runtime Environment"/>
    <property name="sun.boot.library.path" value="C:\Program Files\Java\jdk1.8.0_77\jre\bin"/>
    <property name="java.vm.version" value="25.77-b03"/>
    <property name="java.vm.vendor" value="Oracle Corporation"/>
    <property name="java.vendor.url" value="http://java.oracle.com/"/>
    <property name="path.separator" value=";"/>
    <property name="guice.disable.misplaced.annotation.check" value="true"/>
    <property name="java.vm.name" value="Java HotSpot(TM) 64-Bit Server VM"/>
    <property name="file.encoding.pkg" value="sun.io"/>
    <property name="user.script" value=""/>
    <property name="user.country" value="US"/>
    <property name="sun.java.launcher" value="SUN_STANDARD"/>
    <property name="sun.os.patch.level" value="Service Pack 1"/>
    <property name="java.vm.specification.name" value="Java Virtual Machine Specification"/>
    <property name="user.dir" value="C:\Users\varunsi\AnypointStudio\workspace\maven-project"/>
    <property name="java.runtime.version" value="1.8.0_77-b03"/>
    <property name="java.awt.graphicsenv" value="sun.awt.Win32GraphicsEnvironment"/>
    <property name="java.endorsed.dirs" value="C:\Program Files\Java\jdk1.8.0_77\jre\lib\endorsed"/>
    <property name="os.arch" value="amd64"/>
    <property name="java.io.tmpdir" value="C:\Users\varunsi\AppData\Local\Temp\"/>
    <property name="line.separator" value="&#10;"/>
    <property name="java.vm.specification.vendor" value="Oracle Corporation"/>
    <property name="user.variant" value=""/>
    <property name="os.name" value="Windows 7"/>
    <property name="classworlds.conf" value="C:\apache-maven-3.1.0\bin\..\bin\m2.conf"/>
    <property name="sun.jnu.encoding" value="Cp1252"/>
    <property name="java.library.path" value="C:\Program Files\Java\jdk1.8.0_77\bin;C:\Windows\Sun\Java\bin;C:\Windows\system32;C:\Windows;C:\ProgramData\Oracle\Java\javapath;C:\oraclexe\app\oracle\product\11.2.0\server\bin;;C:\app\varunsi\product\11.2.0\dbhome_3\bin;C:\app\varunsi\product\11.2.0\dbhome_2\bin;C:\app\varunsi\product\11.2.0\dbhome_1\bin;C:\Program Files (x86)\PC Connectivity Solution\;C:\Windows\system32;C:\Windows;C:\Windows\System32\Wbem;C:\Program Files\Java\jdk1.6.0_45\bin;C:\apache-maven-3.1.0\bin;C:\Program Files (x86)\PuTTY\;C:\Program Files (x86)\OpenSSH\bin;C:\Program Files (x86)\QuickTime\QTSystem\;C:\Program Files\Microsoft\Web Platform Installer\;C:\Program Files (x86)\Heroku\bin;C:\Program Files (x86)\git\cmd;C:\Program Files (x86)\Git\cmd;C:\Program Files (x86)\Git\bin;C:\mongodb-win32-x86_64-2008plus-2.4.8\bin;C:\Windows\System32\WindowsPowerShell\v1.0\;C:\Program Files\Microsoft SQL Server\110\Tools\Binn\;;;C:\Program Files (x86)\Calibre2\;C:\Users\varunsi\Downloads\openssl-0.9.8e_X64.zip\bin;C:\Program Files (x86)\Heroku\ruby-1.9.2\bin;C:\Program Files\CREDANT\Shield v7.3\;C:\xampp\php;C:\ProgramData\ComposerSetup\bin;C:\Program Files (x86)\nodejs\;C:\Program Files (x86)\Skype\Phone\;C:\Program Files (x86)\Sennheiser\SoftphoneSDK\;C:\wamp\bin\php\php5.5.12;C:\wamp\bin\mysql\mysql5.6.17\bin;C:\Users\varunsi\AppData\Roaming\npm;."/>
    <property name="java.specification.name" value="Java Platform API Specification"/>
    <property name="java.class.version" value="52.0"/>
    <property name="sun.management.compiler" value="HotSpot 64-Bit Tiered Compilers"/>
    <property name="os.version" value="6.1"/>
    <property name="user.home" value="C:\Users\varunsi"/>
    <property name="user.timezone" value="America/Los_Angeles"/>
    <property name="java.awt.printerjob" value="sun.awt.windows.WPrinterJob"/>
    <property name="java.specification.version" value="1.8"/>
    <property name="file.encoding" value="Cp1252"/>
    <property name="user.name" value="varunsi"/>
    <property name="java.class.path" value="C:\apache-maven-3.1.0\bin\..\boot\plexus-classworlds-2.4.2.jar"/>
    <property name="org.slf4j.simpleLogger.defaultLogLevel" value="info"/>
    <property name="java.vm.specification.version" value="1.8"/>
    <property name="sun.arch.data.model" value="64"/>
    <property name="java.home" value="C:\Program Files\Java\jdk1.8.0_77\jre"/>
    <property name="sun.java.command" value="org.codehaus.plexus.classworlds.launcher.Launcher clean install"/>
    <property name="java.specification.vendor" value="Oracle Corporation"/>
    <property name="user.language" value="en"/>
    <property name="awt.toolkit" value="sun.awt.windows.WToolkit"/>
    <property name="java.vm.info" value="mixed mode"/>
    <property name="java.version" value="1.8.0_77"/>
    <property name="java.ext.dirs" value="C:\Program Files\Java\jdk1.8.0_77\jre\lib\ext;C:\Windows\Sun\Java\lib\ext"/>
    <property name="sun.boot.class.path" value="C:\Program Files\Java\jdk1.8.0_77\jre\lib\resources.jar;C:\Program Files\Java\jdk1.8.0_77\jre\lib\rt.jar;C:\Program Files\Java\jdk1.8.0_77\jre\lib\sunrsasign.jar;C:\Program Files\Java\jdk1.8.0_77\jre\lib\jsse.jar;C:\Program Files\Java\jdk1.8.0_77\jre\lib\jce.jar;C:\Program Files\Java\jdk1.8.0_77\jre\lib\charsets.jar;C:\Program Files\Java\jdk1.8.0_77\jre\lib\jfr.jar;C:\Program Files\Java\jdk1.8.0_77\jre\classes"/>
    <property name="sun.stderr.encoding" value="cp437"/>
    <property name="java.vendor" value="Oracle Corporation"/>
    <property name="maven.home" value="C:\apache-maven-3.1.0\bin\.."/>
    <property name="file.separator" value="\"/>
    <property name="java.vendor.url.bug" value="http://bugreport.sun.com/bugreport/"/>
    <property name="sun.cpu.endian" value="little"/>
    <property name="sun.io.unicode.encoding" value="UnicodeLittle"/>
    <property name="sun.stdout.encoding" value="cp437"/>
    <property name="sun.desktop" value="windows"/>
    <property name="sun.cpu.isalist" value="amd64"/>
  </properties>
  <testcase name="mavenFlowReturnsHelloMaven" classname="com.mulesoft.training.HelloMavenTest" time="3.968">
    <error message="org.apache.activemq.ActiveMQConnectionFactory (java.lang.ClassNotFoundException)" type="org.mule.retry.RetryPolicyExhaustedException">org.mule.retry.RetryPolicyExhaustedException: org.apache.activemq.ActiveMQConnectionFactory (java.lang.ClassNotFoundException)
Caused by: org.mule.api.DefaultMuleException: org.apache.activemq.ActiveMQConnectionFactory (java.lang.ClassNotFoundException)
Caused by: java.lang.ClassNotFoundException: org.apache.activemq.ActiveMQConnectionFactory
</error>
    <system-out><![CDATA[
================================================================================
= Testing: mavenFlowReturnsHelloMaven                                          =
================================================================================
INFO  2016-05-02 15:20:04,577 [Thread-1] com.mulesoft.training.HelloMavenTest: Using working directory for test: C:\Users\varunsi\AppData\Local\Temp\junit1569974657259991994
INFO  2016-05-02 15:20:04,723 [Thread-1] org.mule.lifecycle.AbstractLifecycleManager: Initialising RegistryBroker
INFO  2016-05-02 15:20:04,918 [Thread-1] org.mule.config.spring.MuleArtifactContext: Refreshing org.mule.config.spring.MuleArtifactContext@62d8f57: startup date [Mon May 02 15:20:04 PDT 2016]; root of context hierarchy
INFO  2016-05-02 15:20:05,984 [Thread-1] org.mule.config.spring.processors.NoDevkitInjectorProcessor: JSR-330 'javax.inject.Inject' annotation found and supported for autowiring
WARN  2016-05-02 15:20:06,161 [Thread-1] org.mule.expression.DefaultExpressionManager: Expression string is not an expression.  Use isExpression(String) to validate first
WARN  2016-05-02 15:20:06,161 [Thread-1] org.mule.expression.DefaultExpressionManager: Expression string is not an expression.  Use isExpression(String) to validate first
INFO  2016-05-02 15:20:07,856 [Thread-1] org.mule.lifecycle.AbstractLifecycleManager: Initialising connector: Active_MQ
INFO  2016-05-02 15:20:07,893 [Thread-1] org.mule.lifecycle.AbstractLifecycleManager: Initialising connector: Flights
INFO  2016-05-02 15:20:07,905 [Thread-1] org.mule.lifecycle.AbstractLifecycleManager: Initialising model: _muleSystemModel
INFO  2016-05-02 15:20:07,909 [Thread-1] org.mule.construct.FlowConstructLifecycleManager: Initialising flow: mavenFlow
INFO  2016-05-02 15:20:07,910 [Thread-1] org.mule.exception.DefaultMessagingExceptionStrategy: Initialising exception listener: org.mule.exception.DefaultMessagingExceptionStrategy@59bbe786
INFO  2016-05-02 15:20:07,954 [Thread-1] org.mule.processor.SedaStageLifecycleManager: Initialising service: mavenFlow.stage1
INFO  2016-05-02 15:20:07,961 [Thread-1] org.mule.construct.FlowConstructLifecycleManager: Initialising flow: retrieveFlights
INFO  2016-05-02 15:20:07,961 [Thread-1] org.mule.exception.DefaultMessagingExceptionStrategy: Initialising exception listener: org.mule.exception.DefaultMessagingExceptionStrategy@49105536
INFO  2016-05-02 15:20:07,964 [Thread-1] org.mule.processor.SedaStageLifecycleManager: Initialising service: retrieveFlights.stage1
INFO  2016-05-02 15:20:07,970 [Thread-1] org.mule.util.journal.TransactionJournal: Using files for tx logs C:\Users\varunsi\AppData\Local\Temp\junit1569974657259991994\queue-tx-log\tx1.log and C:\Users\varunsi\AppData\Local\Temp\junit1569974657259991994\queue-tx-log\tx2.log
INFO  2016-05-02 15:20:07,983 [Thread-1] org.mule.util.journal.TransactionJournal: Using files for tx logs C:\Users\varunsi\AppData\Local\Temp\junit1569974657259991994\queue-xa-tx-log\tx1.log and C:\Users\varunsi\AppData\Local\Temp\junit1569974657259991994\queue-xa-tx-log\tx2.log
INFO  2016-05-02 15:20:08,051 [Thread-1] org.mule.config.spring.SpringXmlConfigurationBuilder: Configured Mule using "org.mule.config.spring.SpringXmlConfigurationBuilder" with configuration resource(s): "[ConfigResource{resourceName='maven-project.xml'}]"
INFO  2016-05-02 15:20:08,053 [Thread-1] org.mule.util.queue.QueueXaResourceManager: Starting ResourceManager
INFO  2016-05-02 15:20:08,053 [Thread-1] org.mule.util.queue.QueueXaResourceManager: Started ResourceManager
INFO  2016-05-02 15:20:08,101 [Thread-1] org.mule.module.http.internal.listener.DefaultHttpListenerConfig: Listening for requests on http://localhost:8087
ERROR 2016-05-02 15:20:08,105 [Thread-1] org.mule.retry.notifiers.ConnectNotifier: Failed to connect/reconnect: ActiveMQJmsConnector
{
  name=Active_MQ
  lifecycle=initialise
  this=29f06b26
  numberOfConcurrentTransactedReceivers=4
  createMultipleTransactedReceivers=true
  connected=false
  supportedProtocols=[jms]
  serviceOverrides=<none>
}
. Root Exception was: org.apache.activemq.ActiveMQConnectionFactory. Type: class java.lang.ClassNotFoundException
INFO  2016-05-02 15:20:08,109 [Thread-1] org.mule.lifecycle.AbstractLifecycleManager: Disposing RegistryBroker
INFO  2016-05-02 15:20:08,111 [Thread-1] org.mule.construct.FlowConstructLifecycleManager: Disposing flow: mavenFlow
INFO  2016-05-02 15:20:08,112 [Thread-1] org.mule.processor.SedaStageLifecycleManager: Disposing service: mavenFlow.stage1
INFO  2016-05-02 15:20:08,113 [Thread-1] org.mule.construct.FlowConstructLifecycleManager: Disposing flow: retrieveFlights
INFO  2016-05-02 15:20:08,113 [Thread-1] org.mule.processor.SedaStageLifecycleManager: Disposing service: retrieveFlights.stage1
INFO  2016-05-02 15:20:08,114 [Thread-1] org.mule.lifecycle.AbstractLifecycleManager: Disposing model: _muleSystemModel
INFO  2016-05-02 15:20:08,116 [Thread-1] org.mule.lifecycle.AbstractLifecycleManager: Disposing connector: Active_MQ
INFO  2016-05-02 15:20:08,118 [Thread-1] org.mule.lifecycle.AbstractLifecycleManager: Disposing connector: Flights
INFO  2016-05-02 15:20:08,192 [Thread-1] org.mule.config.spring.MuleArtifactContext: Closing org.mule.config.spring.MuleArtifactContext@62d8f57: startup date [Mon May 02 15:20:04 PDT 2016]; root of context hierarchy
INFO  2016-05-02 15:20:08,310 [Thread-1] org.mule.DefaultMuleContext: 
**********************************************************************
* Mule Context shut down normally on: 5/2/16 3:20 PM                 *
* Server was up for: 0 days, 0 hours, 0 mins, 0.255 sec              *
**********************************************************************
]]></system-out>
  </testcase>
</testsuite>